#
# There is insufficient memory for the Java Runtime Environment to continue.
# Native memory allocation (mmap) failed to map 662700032 bytes for G1 virtual space
# Possible reasons:
#   The system is out of physical RAM or swap space
#   The process is running with CompressedOops enabled, and the Java Heap may be blocking the growth of the native heap
# Possible solutions:
#   Reduce memory load on the system
#   Increase physical memory or swap space
#   Check if swap backing store is full
#   Decrease Java heap size (-Xmx/-Xms)
#   Decrease number of Java threads
#   Decrease Java thread stack sizes (-Xss)
#   Set larger code cache with -XX:ReservedCodeCacheSize=
#   JVM is running with Zero Based Compressed Oops mode in which the Java heap is
#     placed in the first 32GB address space. The Java Heap base address is the
#     maximum limit for the native heap growth. Please use -XX:HeapBaseMinAddress
#     to set the Java Heap base and to place the Java Heap above 32GB virtual address.
# This output file may be truncated or incomplete.
#
#  Out of Memory Error (os_windows.cpp:3541), pid=24984, tid=22516
#
# JRE version:  (17.0.4.1+1) (build )
# Java VM: OpenJDK 64-Bit Server VM (17.0.4.1+1, mixed mode, sharing, tiered, compressed oops, compressed class ptrs, g1 gc, windows-amd64)
# No core dump will be written. Minidumps are not enabled by default on client versions of Windows
#

---------------  S U M M A R Y ------------

Command Line: -Dfile.encoding=UTF-8 --module-path=C:\Users\Deane\eclipse-workspace\heroesGold\bin -XX:+ShowCodeDetailsInExceptionMessages -Djdk.module.main=heroesGold heroesGold/heroesGold.Main

Host: AMD Ryzen 9 4900HS with Radeon Graphics         , 16 cores, 39G,  Windows 11 , 64 bit Build 22621 (10.0.22621.2215)
Time: Sun Sep 17 15:36:27 2023 New Zealand Standard Time elapsed time: 0.010158 seconds (0d 0h 0m 0s)

---------------  T H R E A D  ---------------

Current thread (0x0000023dc290ba80):  JavaThread "Unknown thread" [_thread_in_vm, id=22516, stack(0x0000008b63b00000,0x0000008b63c00000)]

Stack: [0x0000008b63b00000,0x0000008b63c00000]
Native frames: (J=compiled Java code, j=interpreted, Vv=VM code, C=native code)
V  [jvm.dll+0x67731a]
V  [jvm.dll+0x832284]
V  [jvm.dll+0x833a2e]
V  [jvm.dll+0x834093]
V  [jvm.dll+0x245775]
V  [jvm.dll+0x674209]
V  [jvm.dll+0x668a92]
V  [jvm.dll+0x30471b]
V  [jvm.dll+0x30bc66]
V  [jvm.dll+0x35ba9e]
V  [jvm.dll+0x35bccf]
V  [jvm.dll+0x2db5b8]
V  [jvm.dll+0x2dc524]
V  [jvm.dll+0x803db1]
V  [jvm.dll+0x3698f1]
V  [jvm.dll+0x7e31bc]
V  [jvm.dll+0x3ec25f]
V  [jvm.dll+0x3edde1]
C  [jli.dll+0x5277]
C  [ucrtbase.dll+0x29363]
C  [KERNEL32.DLL+0x1257d]
C  [ntdll.dll+0x5aa68]


---------------  P R O C E S S  ---------------

Threads class SMR info:
_java_thread_list=0x00007ff845d74e98, length=0, elements={
}

Java Threads: ( => current thread )

Other Threads:
  0x0000023dc29acf80 GCTaskThread "GC Thread#0" [stack: 0x0000008b63c00000,0x0000008b63d00000] [id=16392]
  0x0000023dc29b7c80 ConcurrentGCThread "G1 Main Marker" [stack: 0x0000008b63d00000,0x0000008b63e00000] [id=16980]
  0x0000023dc29b8e30 ConcurrentGCThread "G1 Conc#0" [stack: 0x0000008b63e00000,0x0000008b63f00000] [id=11276]

[error occurred during error reporting (printing all threads), id 0xc0000005, EXCEPTION_ACCESS_VIOLATION (0xc0000005) at pc=0x00007ff84554c047]

VM state: not at safepoint (not fully initialized)

VM Mutex/Monitor currently owned by a thread:  ([mutex/lock_event])
[0x0000023dc2906d00] Heap_lock - owner thread: 0x0000023dc290ba80

Heap address: 0x0000000589000000, size: 10096 MB, Compressed Oops mode: Zero based, Oop shift amount: 3

CDS archive(s) mapped at: [0x0000000000000000-0x0000000000000000-0x0000000000000000), size 0, SharedBaseAddress: 0x0000000800000000, ArchiveRelocationMode: 0.
Narrow klass base: 0x0000000000000000, Narrow klass shift: 0, Narrow klass range: 0x0

GC Precious Log:
<Empty>

Heap:
 garbage-first heap   total 0K, used 0K [0x0000000589000000, 0x0000000800000000)
  region size 8192K, 0 young (0K), 0 survivors (0K)

[error occurred during error reporting (printing heap information), id 0xc0000005, EXCEPTION_ACCESS_VIOLATION (0xc0000005) at pc=0x00007ff845930699]

GC Heap History (0 events):
No events

Deoptimization events (0 events):
No events

Classes unloaded (0 events):
No events

Classes redefined (0 events):
No events

Internal exceptions (0 events):
No events

VM Operations (0 events):
No events

Events (1 events):
Event: 0.006 Loaded shared library C:\Users\Deane\.p2\pool\plugins\org.eclipse.justj.openjdk.hotspot.jre.full.win32.x86_64_17.0.4.v20221004-1257\jre\bin\java.dll


Dynamic libraries:
0x00007ff66ab90000 - 0x00007ff66ab9e000 	C:\Users\Deane\.p2\pool\plugins\org.eclipse.justj.openjdk.hotspot.jre.full.win32.x86_64_17.0.4.v20221004-1257\jre\bin\javaw.exe
0x00007ff8a83f0000 - 0x00007ff8a8604000 	C:\WINDOWS\SYSTEM32\ntdll.dll
0x00007ff8a7050000 - 0x00007ff8a7114000 	C:\WINDOWS\System32\KERNEL32.DLL
0x00007ff8a5820000 - 0x00007ff8a5bc4000 	C:\WINDOWS\System32\KERNELBASE.dll
0x00007ff8a5f50000 - 0x00007ff8a6061000 	C:\WINDOWS\System32\ucrtbase.dll
0x00007ff888c90000 - 0x00007ff888ca8000 	C:\Users\Deane\.p2\pool\plugins\org.eclipse.justj.openjdk.hotspot.jre.full.win32.x86_64_17.0.4.v20221004-1257\jre\bin\jli.dll
0x00007ff8823e0000 - 0x00007ff8823f9000 	C:\Users\Deane\.p2\pool\plugins\org.eclipse.justj.openjdk.hotspot.jre.full.win32.x86_64_17.0.4.v20221004-1257\jre\bin\VCRUNTIME140.dll
0x00007ff8a76b0000 - 0x00007ff8a785e000 	C:\WINDOWS\System32\USER32.dll
0x00007ff8903a0000 - 0x00007ff890633000 	C:\WINDOWS\WinSxS\amd64_microsoft.windows.common-controls_6595b64144ccf1df_6.0.22621.2215_none_270d72677387dfc3\COMCTL32.dll
0x00007ff8a5bd0000 - 0x00007ff8a5bf6000 	C:\WINDOWS\System32\win32u.dll
0x00007ff8a7120000 - 0x00007ff8a7149000 	C:\WINDOWS\System32\GDI32.dll
0x00007ff8a75d0000 - 0x00007ff8a7677000 	C:\WINDOWS\System32\msvcrt.dll
0x00007ff8a5c00000 - 0x00007ff8a5d18000 	C:\WINDOWS\System32\gdi32full.dll
0x00007ff8a6070000 - 0x00007ff8a610a000 	C:\WINDOWS\System32\msvcp_win.dll
0x00007ff8a7cd0000 - 0x00007ff8a7d01000 	C:\WINDOWS\System32\IMM32.DLL
0x00007ff893b30000 - 0x00007ff893b3c000 	C:\Users\Deane\.p2\pool\plugins\org.eclipse.justj.openjdk.hotspot.jre.full.win32.x86_64_17.0.4.v20221004-1257\jre\bin\vcruntime140_1.dll
0x00007ff879be0000 - 0x00007ff879c71000 	C:\Users\Deane\.p2\pool\plugins\org.eclipse.justj.openjdk.hotspot.jre.full.win32.x86_64_17.0.4.v20221004-1257\jre\bin\msvcp140.dll
0x00007ff845260000 - 0x00007ff845ea6000 	C:\Users\Deane\.p2\pool\plugins\org.eclipse.justj.openjdk.hotspot.jre.full.win32.x86_64_17.0.4.v20221004-1257\jre\bin\server\jvm.dll
0x00007ff8a6560000 - 0x00007ff8a6610000 	C:\WINDOWS\System32\ADVAPI32.dll
0x00007ff8a64b0000 - 0x00007ff8a6556000 	C:\WINDOWS\System32\sechost.dll
0x00007ff8a6180000 - 0x00007ff8a6297000 	C:\WINDOWS\System32\RPCRT4.dll
0x00007ff8a7680000 - 0x00007ff8a7688000 	C:\WINDOWS\System32\PSAPI.DLL
0x00007ff89cdd0000 - 0x00007ff89ce04000 	C:\WINDOWS\SYSTEM32\WINMM.dll
0x00007ff89c9a0000 - 0x00007ff89c9a9000 	C:\WINDOWS\SYSTEM32\WSOCK32.dll
0x00007ff89e8c0000 - 0x00007ff89e8ca000 	C:\WINDOWS\SYSTEM32\VERSION.dll
0x00007ff8a6fd0000 - 0x00007ff8a7041000 	C:\WINDOWS\System32\WS2_32.dll
0x00007ff8a4770000 - 0x00007ff8a4788000 	C:\WINDOWS\SYSTEM32\kernel.appcore.dll
0x00007ff8a0cc0000 - 0x00007ff8a0cca000 	C:\Users\Deane\.p2\pool\plugins\org.eclipse.justj.openjdk.hotspot.jre.full.win32.x86_64_17.0.4.v20221004-1257\jre\bin\jimage.dll
0x00007ff895090000 - 0x00007ff8952be000 	C:\WINDOWS\SYSTEM32\DBGHELP.DLL
0x00007ff8a8020000 - 0x00007ff8a83aa000 	C:\WINDOWS\System32\combase.dll
0x00007ff8a7860000 - 0x00007ff8a7937000 	C:\WINDOWS\System32\OLEAUT32.dll
0x00007ff88c5d0000 - 0x00007ff88c602000 	C:\WINDOWS\SYSTEM32\dbgcore.DLL
0x00007ff8a57a0000 - 0x00007ff8a581a000 	C:\WINDOWS\System32\bcryptPrimitives.dll
0x00007ff87b100000 - 0x00007ff87b125000 	C:\Users\Deane\.p2\pool\plugins\org.eclipse.justj.openjdk.hotspot.jre.full.win32.x86_64_17.0.4.v20221004-1257\jre\bin\java.dll

dbghelp: loaded successfully - version: 4.0.5 - missing functions: none
symbol engine: initialized successfully - sym options: 0x614 - pdb path: .;C:\Users\Deane\.p2\pool\plugins\org.eclipse.justj.openjdk.hotspot.jre.full.win32.x86_64_17.0.4.v20221004-1257\jre\bin;C:\WINDOWS\SYSTEM32;C:\WINDOWS\WinSxS\amd64_microsoft.windows.common-controls_6595b64144ccf1df_6.0.22621.2215_none_270d72677387dfc3;C:\Users\Deane\.p2\pool\plugins\org.eclipse.justj.openjdk.hotspot.jre.full.win32.x86_64_17.0.4.v20221004-1257\jre\bin\server

VM Arguments:
jvm_args: -Dfile.encoding=UTF-8 --module-path=C:\Users\Deane\eclipse-workspace\heroesGold\bin -XX:+ShowCodeDetailsInExceptionMessages -Djdk.module.main=heroesGold 
java_command: heroesGold/heroesGold.Main
java_class_path (initial): <not set>
Launcher Type: SUN_STANDARD

[Global flags]
     intx CICompilerCount                          = 12                                        {product} {ergonomic}
     uint ConcGCThreads                            = 3                                         {product} {ergonomic}
     uint G1ConcRefinementThreads                  = 13                                        {product} {ergonomic}
   size_t G1HeapRegionSize                         = 8388608                                   {product} {ergonomic}
    uintx GCDrainStackTargetSize                   = 64                                        {product} {ergonomic}
   size_t InitialHeapSize                          = 662700032                                 {product} {ergonomic}
   size_t MarkStackSize                            = 4194304                                   {product} {ergonomic}
   size_t MaxHeapSize                              = 10586423296                               {product} {ergonomic}
   size_t MinHeapDeltaBytes                        = 8388608                                   {product} {ergonomic}
   size_t MinHeapSize                              = 8388608                                   {product} {ergonomic}
    uintx NonNMethodCodeHeapSize                   = 7602480                                {pd product} {ergonomic}
    uintx NonProfiledCodeHeapSize                  = 122027880                              {pd product} {ergonomic}
    uintx ProfiledCodeHeapSize                     = 122027880                              {pd product} {ergonomic}
    uintx ReservedCodeCacheSize                    = 251658240                              {pd product} {ergonomic}
     bool SegmentedCodeCache                       = true                                      {product} {ergonomic}
     bool ShowCodeDetailsInExceptionMessages       = true                                   {manageable} {command line}
   size_t SoftMaxHeapSize                          = 10586423296                            {manageable} {ergonomic}
     bool UseCompressedClassPointers               = true                           {product lp64_product} {ergonomic}
     bool UseCompressedOops                        = true                           {product lp64_product} {ergonomic}
     bool UseG1GC                                  = true                                      {product} {ergonomic}
     bool UseLargePagesIndividualAllocation        = false                                  {pd product} {ergonomic}

Logging:
Log output configuration:
 #0: stdout all=warning uptime,level,tags
 #1: stderr all=off uptime,level,tags

Environment Variables:
JAVA_HOME=C:\Program FIles\Java\jdk-20.0.1
PATH=C:/Users/Deane/.p2/pool/plugins/org.eclipse.justj.openjdk.hotspot.jre.full.win32.x86_64_17.0.4.v20221004-1257/jre/bin/server;C:/Users/Deane/.p2/pool/plugins/org.eclipse.justj.openjdk.hotspot.jre.full.win32.x86_64_17.0.4.v20221004-1257/jre/bin;C:\Program Files\Eclipse Foundation\jdk-8.0.302.8-hotspot\bin;C:\Program Files\Common Files\Oracle\Java\javapath;C:\Program FIles\Java\jdk-20.0.1\bin;C:\Program Files (x86)\VMware\VMware Workstation\bin\;C:\WINDOWS\system32;C:\WINDOWS;C:\WINDOWS\System32\Wbem;C:\WINDOWS\System32\WindowsPowerShell\v1.0\;C:\WINDOWS\System32\OpenSSH\;C:\Program Files\nodejs\;C:\Program Files\PuTTY\;C:\Program Files\dotnet\;C:\Program Files\Azure Data Studio\bin;C:\Program Files (x86)\Microsoft SQL Server\160\Tools\Binn\;C:\Program Files\Microsoft SQL Server\160\Tools\Binn\;C:\Program Files\Microsoft SQL Server\Client SDK\ODBC\170\Tools\Binn\;C:\Program Files\Microsoft SQL Server\160\DTS\Binn\;C:\Program Files (x86)\Microsoft SQL Server\160\DTS\Binn\;C:\Program Files\Calibre2\;C:\Program Files\Microsoft SQL Server\130\Tools\Binn\;C:\Program Files\Git\cmd;C:\Program Files\Java\scripts;C:\Users\Deane\AppData\Local\Microsoft\WindowsApps;C:\Users\Deane\AppData\Roaming\npm;C:\Program Files\Azure Data Studio\bin;C:\yt-dltTools;C:\aria2;C:\Users\Deane\AppData\Local\Programs\Microsoft VS Code\bin;C:\Users\Deane\AppData\Local\GitHubDesktop\bin;C:\Users\Deane\eclipse\java-2022-09\eclipse;
USERNAME=Deane
OS=Windows_NT
PROCESSOR_IDENTIFIER=AMD64 Family 23 Model 96 Stepping 1, AuthenticAMD
TMP=C:\Users\Deane\AppData\Local\Temp
TEMP=C:\Users\Deane\AppData\Local\Temp



---------------  S Y S T E M  ---------------

OS:
 Windows 11 , 64 bit Build 22621 (10.0.22621.2215)
OS uptime: 0 days 18:12 hours
Hyper-V role detected

CPU: total 16 (initial active 16) (16 cores per cpu, 2 threads per core) family 23 model 96 stepping 1 microcode 0x0, cx8, cmov, fxsr, ht, mmx, 3dnowpref, sse, sse2, sse3, ssse3, sse4a, sse4.1, sse4.2, popcnt, lzcnt, tsc, tscinvbit, avx, avx2, aes, clmul, bmi1, bmi2, adx, sha, fma, vzeroupper, clflush, clflushopt, hv

Memory: 4k page, system-wide physical 40365M (29570M free)
TotalPageFile size 98855M (AvailPageFile size 208M)
current process WorkingSet (physical memory assigned to process): 11M, peak: 11M
current process commit charge ("private bytes"): 70M, peak: 702M

vm_info: OpenJDK 64-Bit Server VM (17.0.4.1+1) for windows-amd64 JRE (17.0.4.1+1), built on Aug 17 2022 07:42:43 by "temurin" with MS VC++ 16.7 (VS2019)

END.
